#player 1 sent 14 10 12 12 -1 -1
            2            
           2 2           
          2 2 2          
         2 2 2 2         
* * * * * * * * * * * * *
 * * * * * * * * * * * * 
  * * * * * * * * * * *  
   * * * * * * * * * *   
    * * * * * * * * *    
   * * * * * * * * * *   
  * * * * * * * * * * *  
 * * * * * * * * * * * * 
* * * * * * 1 * * * * * *
         1 1 1 1         
          * 1 1          
           1 1           
            1            
600000 600000 2 2 2

#player 2 sent 2 14 4 12 -1 -1
            2            
           2 2           
          2 2 *          
         2 2 2 2         
* * * * * * 2 * * * * * *
 * * * * * * * * * * * * 
  * * * * * * * * * * *  
   * * * * * * * * * *   
    * * * * * * * * *    
   * * * * * * * * * *   
  * * * * * * * * * * *  
 * * * * * * * * * * * * 
* * * * * * 1 * * * * * *
         1 1 1 1         
          * 1 1          
           1 1           
            1            
600000 600000 2 2 1

#player 1 sent 16 12 12 8 -1 -1
            2            
           2 2           
          2 2 *          
         2 2 2 2         
* * * * * * 2 * * * * * *
 * * * * * * * * * * * * 
  * * * * * * * * * * *  
   * * * * * * * * * *   
    * * * * * * * * *    
   * * * * * * * * * *   
  * * * * * * * * * * *  
 * * * * * * * * * * * * 
* * * * 1 * 1 * * * * * *
         1 1 1 1         
          * 1 1          
           1 1           
            *            
600000 600000 2 2 2

#player 2 sent 0 12 4 16 -1 -1
            *            
           2 2           
          2 2 *          
         2 2 2 2         
* * * * * * 2 * 2 * * * *
 * * * * * * * * * * * * 
  * * * * * * * * * * *  
   * * * * * * * * * *   
    * * * * * * * * *    
   * * * * * * * * * *   
  * * * * * * * * * * *  
 * * * * * * * * * * * * 
* * * * 1 * 1 * * * * * *
         1 1 1 1         
          * 1 1          
           1 1           
            *            
600000 600000 2 2 1

#player 1 sent 13 13 11 11 -1 -1
            *            
           2 2           
          2 2 *          
         2 2 2 2         
* * * * * * 2 * 2 * * * *
 * * * * * * * * * * * * 
  * * * * * * * * * * *  
   * * * * * * * * * *   
    * * * * * * * * *    
   * * * * * * * * * *   
  * * * * * * * * * * *  
 * * * * * 1 * * * * * * 
* * * * 1 * 1 * * * * * *
         1 1 * 1         
          * 1 1          
           1 1           
            *            
600000 600000 2 2 2

#player 2 sent 3 15 5 17 9 11
            *            
           2 2           
          2 2 *          
         2 2 2 *         
* * * * * * 2 * 2 * * * *
 * * * * * * * * 2 * * * 
  * * * * * * * * * * *  
   * * * * * * * * * *   
    * * * * * * * * *    
   * * * * 3 * * * * *   
  * * * * * * * * * * *  
 * * * * * 1 * * * * * * 
* * * * 1 * 1 * * * * * *
         1 1 * 1         
          * 1 1          
           1 1           
            *            
600000 600000 2 1 1

#player 1 sent 14 12 10 12 -1 -1
            *            
           2 2           
          2 2 *          
         2 2 2 *         
* * * * * * 2 * 2 * * * *
 * * * * * * * * 2 * * * 
  * * * * * * * * * * *  
   * * * * * * * * * *   
    * * * * * * * * *    
   * * * * 3 * * * * *   
  * * * * * 1 * * * * *  
 * * * * * 1 * * * * * * 
* * * * 1 * 1 * * * * * *
         1 1 * 1         
          * * 1          
           1 1           
            *            
600000 600000 2 1 2

#player 2 sent 2 12 6 16 -1 -1
            *            
           2 2           
          2 * *          
         2 2 2 *         
* * * * * * 2 * 2 * * * *
 * * * * * * * * 2 * * * 
  * * * * * * * 2 * * *  
   * * * * * * * * * *   
    * * * * * * * * *    
   * * * * 3 * * * * *   
  * * * * * 1 * * * * *  
 * * * * * 1 * * * * * * 
* * * * 1 * 1 * * * * * *
         1 1 * 1         
          * * 1          
           1 1           
            *            
600000 600000 2 1 1

#player 1 sent 12 12 8 12 -1 -1
            *            
           2 2           
          2 * *          
         2 2 2 *         
* * * * * * 2 * 2 * * * *
 * * * * * * * * 2 * * * 
  * * * * * * * 2 * * *  
   * * * * * * * * * *   
    * * * * 1 * * * *    
   * * * * 3 * * * * *   
  * * * * * 1 * * * * *  
 * * * * * 1 * * * * * * 
* * * * 1 * * * * * * * *
         1 1 * 1         
          * * 1          
           1 1           
            *            
600000 600000 2 1 2

#player 2 sent 4 16 8 16 7 15
            *            
           2 2           
          2 * *          
         2 2 2 *         
* * * * * * 2 * * * * * *
 * * * * * * * * 2 * * * 
  * * * * * * * 2 * * *  
   * * * * * * 3 * * *   
    * * * * 1 * 2 * *    
   * * * * 3 * * * * *   
  * * * * * 1 * * * * *  
 * * * * * 1 * * * * * * 
* * * * 1 * * * * * * * *
         1 1 * 1         
          * * 1          
           1 1           
            *            
600000 600000 2 0 1

#player 1 sent 14 14 10 10 -1 -1
            *            
           2 2           
          2 * *          
         2 2 2 *         
* * * * * * 2 * * * * * *
 * * * * * * * * 2 * * * 
  * * * * * * * 2 * * *  
   * * * * * * 3 * * *   
    * * * * 1 * 2 * *    
   * * * * 3 * * * * *   
  * * * * 1 1 * * * * *  
 * * * * * 1 * * * * * * 
* * * * 1 * * * * * * * *
         1 1 * 1         
          * * *          
           1 1           
            *            
600000 600000 2 0 2

#player 2 sent 6 16 8 18 -1 -1
            *            
           2 2           
          2 * *          
         2 2 2 *         
* * * * * * 2 * * * * * *
 * * * * * * * * 2 * * * 
  * * * * * * * * * * *  
   * * * * * * 3 * * *   
    * * * * 1 * 2 2 *    
   * * * * 3 * * * * *   
  * * * * 1 1 * * * * *  
 * * * * * 1 * * * * * * 
* * * * 1 * * * * * * * *
         1 1 * 1         
          * * *          
           1 1           
            *            
600000 600000 2 0 1

#player 1 sent 11 11 7 11 -1 -1
            *            
           2 2           
          2 * *          
         2 2 2 *         
* * * * * * 2 * * * * * *
 * * * * * * * * 2 * * * 
  * * * * * * * * * * *  
   * * * * 1 * 3 * * *   
    * * * * 1 * 2 2 *    
   * * * * 3 * * * * *   
  * * * * 1 1 * * * * *  
 * * * * * * * * * * * * 
* * * * 1 * * * * * * * *
         1 1 * 1         
          * * *          
           1 1           
            *            
600000 600000 2 0 2

#player 2 sent 3 13 5 11 -1 -1
            *            
           2 2           
          2 * *          
         2 2 * *         
* * * * * * 2 * * * * * *
 * * * * * 2 * * 2 * * * 
  * * * * * * * * * * *  
   * * * * 1 * 3 * * *   
    * * * * 1 * 2 2 *    
   * * * * 3 * * * * *   
  * * * * 1 1 * * * * *  
 * * * * * * * * * * * * 
* * * * 1 * * * * * * * *
         1 1 * 1         
          * * *          
           1 1           
            *            
600000 600000 2 0 1

#player 1 sent 10 12 2 12 -1 -1
            *            
           2 2           
          2 1 *          
         2 2 * *         
* * * * * * 2 * * * * * *
 * * * * * 2 * * 2 * * * 
  * * * * * * * * * * *  
   * * * * 1 * 3 * * *   
    * * * * 1 * 2 2 *    
   * * * * 3 * * * * *   
  * * * * 1 * * * * * *  
 * * * * * * * * * * * * 
* * * * 1 * * * * * * * *
         1 1 * 1         
          * * *          
           1 1           
            *            
600000 600000 2 0 2

#player 2 sent 8 18 10 12 -1 -1
            *            
           2 2           
          2 1 *          
         2 2 * *         
* * * * * * 2 * * * * * *
 * * * * * 2 * * 2 * * * 
  * * * * * * * * * * *  
   * * * * 1 * 3 * * *   
    * * * * 1 * 2 * *    
   * * * * 3 * * * * *   
  * * * * 1 2 * * * * *  
 * * * * * * * * * * * * 
* * * * 1 * * * * * * * *
         1 1 * 1         
          * * *          
           1 1           
            *            
600000 600000 2 0 1

#player 1 sent 13 11 12 10 -1 -1
            *            
           2 2           
          2 1 *          
         2 2 * *         
* * * * * * 2 * * * * * *
 * * * * * 2 * * 2 * * * 
  * * * * * * * * * * *  
   * * * * 1 * 3 * * *   
    * * * * 1 * 2 * *    
   * * * * 3 * * * * *   
  * * * * 1 2 * * * * *  
 * * * * * * * * * * * * 
* * * * 1 1 * * * * * * *
         1 * * 1         
          * * *          
           1 1           
            *            
600000 600000 2 0 2

#player 2 sent 4 12 6 10 -1 -1
            *            
           2 2           
          2 1 *          
         2 2 * *         
* * * * * * * * * * * * *
 * * * * * 2 * * 2 * * * 
  * * * * 2 * * * * * *  
   * * * * 1 * 3 * * *   
    * * * * 1 * 2 * *    
   * * * * 3 * * * * *   
  * * * * 1 2 * * * * *  
 * * * * * * * * * * * * 
* * * * 1 1 * * * * * * *
         1 * * 1         
          * * *          
           1 1           
            *            
600000 600000 2 0 1

#player 1 sent 7 11 5 13 -1 -1
            *            
           2 2           
          2 1 *          
         2 2 * *         
* * * * * * * * * * * * *
 * * * * * 2 1 * 2 * * * 
  * * * * 2 * * * * * *  
   * * * * * * 3 * * *   
    * * * * 1 * 2 * *    
   * * * * 3 * * * * *   
  * * * * 1 2 * * * * *  
 * * * * * * * * * * * * 
* * * * 1 1 * * * * * * *
         1 * * 1         
          * * *          
           1 1           
            *            
600000 600000 2 0 2

#player 2 sent 2 10 6 14 -1 -1
            *            
           2 2           
          * 1 *          
         2 2 * *         
* * * * * * * * * * * * *
 * * * * * 2 1 * 2 * * * 
  * * * * 2 * 2 * * * *  
   * * * * * * 3 * * *   
    * * * * 1 * 2 * *    
   * * * * 3 * * * * *   
  * * * * 1 2 * * * * *  
 * * * * * * * * * * * * 
* * * * 1 1 * * * * * * *
         1 * * 1         
          * * *          
           1 1           
            *            
600000 600000 2 0 1

#player 1 sent 13 9 5 9 -1 -1
            *            
           2 2           
          * 1 *          
         2 2 * *         
* * * * * * * * * * * * *
 * * * * 1 2 1 * 2 * * * 
  * * * * 2 * 2 * * * *  
   * * * * * * 3 * * *   
    * * * * 1 * 2 * *    
   * * * * 3 * * * * *   
  * * * * 1 2 * * * * *  
 * * * * * * * * * * * * 
* * * * 1 1 * * * * * * *
         * * * 1         
          * * *          
           1 1           
            *            
600000 600000 2 0 2

#player 2 sent 5 11 9 15 -1 -1
            *            
           2 2           
          * 1 *          
         2 2 * *         
* * * * * * * * * * * * *
 * * * * 1 * 1 * 2 * * * 
  * * * * 2 * 2 * * * *  
   * * * * * * 3 * * *   
    * * * * 1 * 2 * *    
   * * * * 3 * 2 * * *   
  * * * * 1 2 * * * * *  
 * * * * * * * * * * * * 
* * * * 1 1 * * * * * * *
         * * * 1         
          * * *          
           1 1           
            *            
600000 600000 2 0 1

#player 1 sent 15 13 14 12 -1 -1
            *            
           2 2           
          * 1 *          
         2 2 * *         
* * * * * * * * * * * * *
 * * * * 1 * 1 * 2 * * * 
  * * * * 2 * 2 * * * *  
   * * * * * * 3 * * *   
    * * * * 1 * 2 * *    
   * * * * 3 * 2 * * *   
  * * * * 1 2 * * * * *  
 * * * * * * * * * * * * 
* * * * 1 1 * * * * * * *
         * * * 1         
          * 1 *          
           1 *           
            *            
600000 600000 2 0 2

#player 2 sent 8 16 10 14 -1 -1
            *            
           2 2           
          * 1 *          
         2 2 * *         
* * * * * * * * * * * * *
 * * * * 1 * 1 * 2 * * * 
  * * * * 2 * 2 * * * *  
   * * * * * * 3 * * *   
    * * * * 1 * * * *    
   * * * * 3 * 2 * * *   
  * * * * 1 2 2 * * * *  
 * * * * * * * * * * * * 
* * * * 1 1 * * * * * * *
         * * * 1         
          * 1 *          
           1 *           
            *            
600000 600000 2 0 1

#player 1 sent 13 15 12 14 -1 -1
            *            
           2 2           
          * 1 *          
         2 2 * *         
* * * * * * * * * * * * *
 * * * * 1 * 1 * 2 * * * 
  * * * * 2 * 2 * * * *  
   * * * * * * 3 * * *   
    * * * * 1 * * * *    
   * * * * 3 * 2 * * *   
  * * * * 1 2 2 * * * *  
 * * * * * * * * * * * * 
* * * * 1 1 * 1 * * * * *
         * * * *         
          * 1 *          
           1 *           
            *            
600000 600000 2 0 2

#player 2 sent 9 15 13 15 -1 -1
            *            
           2 2           
          * 1 *          
         2 2 * *         
* * * * * * * * * * * * *
 * * * * 1 * 1 * 2 * * * 
  * * * * 2 * 2 * * * *  
   * * * * * * 3 * * *   
    * * * * 1 * * * *    
   * * * * 3 * * * * *   
  * * * * 1 2 2 * * * *  
 * * * * * * * * * * * * 
* * * * 1 1 * 1 * * * * *
         * * * 2         
          * 1 *          
           1 *           
            *            
600000 600000 2 0 1

#player 1 sent 15 11 7 11 -1 -1
            *            
           2 2           
          * 1 *          
         2 2 * *         
* * * * * * * * * * * * *
 * * * * 1 * 1 * 2 * * * 
  * * * * 2 * 2 * * * *  
   * * * * 1 * 3 * * *   
    * * * * 1 * * * *    
   * * * * 3 * * * * *   
  * * * * 1 2 2 * * * *  
 * * * * * * * * * * * * 
* * * * 1 1 * 1 * * * * *
         * * * 2         
          * 1 *          
           * *           
            *            
600000 600000 2 0 2

#player 2 sent 6 14 8 16 -1 -1
            *            
           2 2           
          * 1 *          
         2 2 * *         
* * * * * * * * * * * * *
 * * * * 1 * 1 * 2 * * * 
  * * * * 2 * * * * * *  
   * * * * 1 * 3 * * *   
    * * * * 1 * 2 * *    
   * * * * 3 * * * * *   
  * * * * 1 2 2 * * * *  
 * * * * * * * * * * * * 
* * * * 1 1 * 1 * * * * *
         * * * 2         
          * 1 *          
           * *           
            *            
600000 600000 2 0 1

#player 1 sent 7 11 6 12 -1 -1
            *            
           2 2           
          * 1 *          
         2 2 * *         
* * * * * * * * * * * * *
 * * * * 1 * 1 * 2 * * * 
  * * * * 2 1 * * * * *  
   * * * * * * 3 * * *   
    * * * * 1 * 2 * *    
   * * * * 3 * * * * *   
  * * * * 1 2 2 * * * *  
 * * * * * * * * * * * * 
* * * * 1 1 * 1 * * * * *
         * * * 2         
          * 1 *          
           * *           
            *            
600000 600000 2 0 2

#player 2 sent 1 11 3 13 -1 -1
            *            
           * 2           
          * 1 *          
         2 2 2 *         
* * * * * * * * * * * * *
 * * * * 1 * 1 * 2 * * * 
  * * * * 2 1 * * * * *  
   * * * * * * 3 * * *   
    * * * * 1 * 2 * *    
   * * * * 3 * * * * *   
  * * * * 1 2 2 * * * *  
 * * * * * * * * * * * * 
* * * * 1 1 * 1 * * * * *
         * * * 2         
          * 1 *          
           * *           
            *            
600000 600000 2 0 1

#player 1 sent 14 12 13 13 -1 -1
            *            
           * 2           
          * 1 *          
         2 2 2 *         
* * * * * * * * * * * * *
 * * * * 1 * 1 * 2 * * * 
  * * * * 2 1 * * * * *  
   * * * * * * 3 * * *   
    * * * * 1 * 2 * *    
   * * * * 3 * * * * *   
  * * * * 1 2 2 * * * *  
 * * * * * * * * * * * * 
* * * * 1 1 * 1 * * * * *
         * * 1 2         
          * * *          
           * *           
            *            
600000 600000 2 0 2

#player 2 sent 13 15 14 14 -1 -1
            *            
           * 2           
          * 1 *          
         2 2 2 *         
* * * * * * * * * * * * *
 * * * * 1 * 1 * 2 * * * 
  * * * * 2 1 * * * * *  
   * * * * * * 3 * * *   
    * * * * 1 * 2 * *    
   * * * * 3 * * * * *   
  * * * * 1 2 2 * * * *  
 * * * * * * * * * * * * 
* * * * 1 1 * 1 * * * * *
         * * 1 *         
          * * 2          
           * *           
            *            
600000 600000 2 0 1

#player 1 sent 8 12 7 13 -1 -1
            *            
           * 2           
          * 1 *          
         2 2 2 *         
* * * * * * * * * * * * *
 * * * * 1 * 1 * 2 * * * 
  * * * * 2 1 * * * * *  
   * * * * * 1 3 * * *   
    * * * * * * 2 * *    
   * * * * 3 * * * * *   
  * * * * 1 2 2 * * * *  
 * * * * * * * * * * * * 
* * * * 1 1 * 1 * * * * *
         * * 1 *         
          * * 2          
           * *           
            *            
600000 600000 2 0 2

#player 2 sent 6 10 8 12 -1 -1
            *            
           * 2           
          * 1 *          
         2 2 2 *         
* * * * * * * * * * * * *
 * * * * 1 * 1 * 2 * * * 
  * * * * * 1 * * * * *  
   * * * * * 1 3 * * *   
    * * * * 2 * 2 * *    
   * * * * 3 * * * * *   
  * * * * 1 2 2 * * * *  
 * * * * * * * * * * * * 
* * * * 1 1 * 1 * * * * *
         * * 1 *         
          * * 2          
           * *           
            *            
600000 600000 2 0 1

#player 1 sent 13 13 7 11 -1 -1
            *            
           * 2           
          * 1 *          
         2 2 2 *         
* * * * * * * * * * * * *
 * * * * 1 * 1 * 2 * * * 
  * * * * * 1 * * * * *  
   * * * * 1 1 3 * * *   
    * * * * 2 * 2 * *    
   * * * * 3 * * * * *   
  * * * * 1 2 2 * * * *  
 * * * * * * * * * * * * 
* * * * 1 1 * 1 * * * * *
         * * * *         
          * * 2          
           * *           
            *            
600000 600000 2 0 2

#player 2 sent 14 14 15 13 -1 -1
            *            
           * 2           
          * 1 *          
         2 2 2 *         
* * * * * * * * * * * * *
 * * * * 1 * 1 * 2 * * * 
  * * * * * 1 * * * * *  
   * * * * 1 1 3 * * *   
    * * * * 2 * 2 * *    
   * * * * 3 * * * * *   
  * * * * 1 2 2 * * * *  
 * * * * * * * * * * * * 
* * * * 1 1 * 1 * * * * *
         * * * *         
          * * *          
           * 2           
            *            
600000 600000 2 0 1

#player 1 sent 7 11 6 10 -1 -1
            *            
           * 2           
          * 1 *          
         2 2 2 *         
* * * * * * * * * * * * *
 * * * * 1 * 1 * 2 * * * 
  * * * * 1 1 * * * * *  
   * * * * * 1 3 * * *   
    * * * * 2 * 2 * *    
   * * * * 3 * * * * *   
  * * * * 1 2 2 * * * *  
 * * * * * * * * * * * * 
* * * * 1 1 * 1 * * * * *
         * * * *         
          * * *          
           * 2           
            *            
600000 600000 2 0 2

#player 2 sent 15 13 16 12 -1 -1
            *            
           * 2           
          * 1 *          
         2 2 2 *         
* * * * * * * * * * * * *
 * * * * 1 * 1 * 2 * * * 
  * * * * 1 1 * * * * *  
   * * * * * 1 3 * * *   
    * * * * 2 * 2 * *    
   * * * * 3 * * * * *   
  * * * * 1 2 2 * * * *  
 * * * * * * * * * * * * 
* * * * 1 1 * 1 * * * * *
         * * * *         
          * * *          
           * *           
            2            
600000 600000 2 0 1

#player 1 sent 6 10 2 14 -1 -1
            *            
           * 2           
          * 1 1          
         2 2 2 *         
* * * * * * * * * * * * *
 * * * * 1 * 1 * 2 * * * 
  * * * * * 1 * * * * *  
   * * * * * 1 3 * * *   
    * * * * 2 * 2 * *    
   * * * * 3 * * * * *   
  * * * * 1 2 2 * * * *  
 * * * * * * * * * * * * 
* * * * 1 1 * 1 * * * * *
         * * * *         
          * * *          
           * *           
            2            
600000 600000 2 0 2

#player 2 sent 1 13 3 15 -1 -1
            *            
           * *           
          * 1 1          
         2 2 2 2         
* * * * * * * * * * * * *
 * * * * 1 * 1 * 2 * * * 
  * * * * * 1 * * * * *  
   * * * * * 1 3 * * *   
    * * * * 2 * 2 * *    
   * * * * 3 * * * * *   
  * * * * 1 2 2 * * * *  
 * * * * * * * * * * * * 
* * * * 1 1 * 1 * * * * *
         * * * *         
          * * *          
           * *           
            2            
600000 600000 2 0 1

#player 1 sent 12 14 11 15 -1 -1
            *            
           * *           
          * 1 1          
         2 2 2 2         
* * * * * * * * * * * * *
 * * * * 1 * 1 * 2 * * * 
  * * * * * 1 * * * * *  
   * * * * * 1 3 * * *   
    * * * * 2 * 2 * *    
   * * * * 3 * * * * *   
  * * * * 1 2 2 * * * *  
 * * * * * * * 1 * * * * 
* * * * 1 1 * * * * * * *
         * * * *         
          * * *          
           * *           
            2            
600000 600000 2 0 2

#player 2 sent 10 14 12 16 -1 -1
            *            
           * *           
          * 1 1          
         2 2 2 2         
* * * * * * * * * * * * *
 * * * * 1 * 1 * 2 * * * 
  * * * * * 1 * * * * *  
   * * * * * 1 3 * * *   
    * * * * 2 * 2 * *    
   * * * * 3 * * * * *   
  * * * * 1 2 * * * * *  
 * * * * * * * 1 * * * * 
* * * * 1 1 * * 2 * * * *
         * * * *         
          * * *          
           * *           
            2            
600000 600000 2 0 1

#player 1 sent 12 8 13 9 -1 -1
            *            
           * *           
          * 1 1          
         2 2 2 2         
* * * * * * * * * * * * *
 * * * * 1 * 1 * 2 * * * 
  * * * * * 1 * * * * *  
   * * * * * 1 3 * * *   
    * * * * 2 * 2 * *    
   * * * * 3 * * * * *   
  * * * * 1 2 * * * * *  
 * * * * * * * 1 * * * * 
* * * * * 1 * * 2 * * * *
         1 * * *         
          * * *          
           * *           
            2            
600000 600000 2 0 2

#player 2 sent 12 16 13 15 -1 -1
            *            
           * *           
          * 1 1          
         2 2 2 2         
* * * * * * * * * * * * *
 * * * * 1 * 1 * 2 * * * 
  * * * * * 1 * * * * *  
   * * * * * 1 3 * * *   
    * * * * 2 * 2 * *    
   * * * * 3 * * * * *   
  * * * * 1 2 * * * * *  
 * * * * * * * 1 * * * * 
* * * * * 1 * * * * * * *
         1 * * 2         
          * * *          
           * *           
            2            
600000 600000 2 0 1

#player 1 sent 13 9 7 11 -1 -1
            *            
           * *           
          * 1 1          
         2 2 2 2         
* * * * * * * * * * * * *
 * * * * 1 * 1 * 2 * * * 
  * * * * * 1 * * * * *  
   * * * * 1 1 3 * * *   
    * * * * 2 * 2 * *    
   * * * * 3 * * * * *   
  * * * * 1 2 * * * * *  
 * * * * * * * 1 * * * * 
* * * * * 1 * * * * * * *
         * * * 2         
          * * *          
           * *           
            2            
600000 600000 2 0 2

#player 2 sent 13 15 14 14 -1 -1
            *            
           * *           
          * 1 1          
         2 2 2 2         
* * * * * * * * * * * * *
 * * * * 1 * 1 * 2 * * * 
  * * * * * 1 * * * * *  
   * * * * 1 1 3 * * *   
    * * * * 2 * 2 * *    
   * * * * 3 * * * * *   
  * * * * 1 2 * * * * *  
 * * * * * * * 1 * * * * 
* * * * * 1 * * * * * * *
         * * * *         
          * * 2          
           * *           
            2            
600000 600000 2 0 1

#player 1 sent 7 11 6 10 -1 -1
            *            
           * *           
          * 1 1          
         2 2 2 2         
* * * * * * * * * * * * *
 * * * * 1 * 1 * 2 * * * 
  * * * * 1 1 * * * * *  
   * * * * * 1 3 * * *   
    * * * * 2 * 2 * *    
   * * * * 3 * * * * *   
  * * * * 1 2 * * * * *  
 * * * * * * * 1 * * * * 
* * * * * 1 * * * * * * *
         * * * *         
          * * 2          
           * *           
            2            
600000 600000 2 0 2

#player 2 sent 14 14 15 13 -1 -1
            *            
           * *           
          * 1 1          
         2 2 2 2         
* * * * * * * * * * * * *
 * * * * 1 * 1 * 2 * * * 
  * * * * 1 1 * * * * *  
   * * * * * 1 3 * * *   
    * * * * 2 * 2 * *    
   * * * * 3 * * * * *   
  * * * * 1 2 * * * * *  
 * * * * * * * 1 * * * * 
* * * * * 1 * * * * * * *
         * * * *         
          * * *          
           * 2           
            2            
600000 600000 2 0 1

#player 1 sent 6 10 2 10 -1 -1
            *            
           * *           
          1 1 1          
         2 2 2 2         
* * * * * * * * * * * * *
 * * * * 1 * 1 * 2 * * * 
  * * * * * 1 * * * * *  
   * * * * * 1 3 * * *   
    * * * * 2 * 2 * *    
   * * * * 3 * * * * *   
  * * * * 1 2 * * * * *  
 * * * * * * * 1 * * * * 
* * * * * 1 * * * * * * *
         * * * *         
          * * *          
           * 2           
            2            
600000 600000 2 0 2

#player 2 sent 10 12 11 13 -1 -1
            *            
           * *           
          1 1 1          
         2 2 2 2         
* * * * * * * * * * * * *
 * * * * 1 * 1 * 2 * * * 
  * * * * * 1 * * * * *  
   * * * * * 1 3 * * *   
    * * * * 2 * 2 * *    
   * * * * 3 * * * * *   
  * * * * 1 * * * * * *  
 * * * * * * 2 1 * * * * 
* * * * * 1 * * * * * * *
         * * * *         
          * * *          
           * 2           
            2            
600000 600000 2 0 1

#player 1 sent 11 15 11 11 -1 -1
            *            
           * *           
          1 1 1          
         2 2 2 2         
* * * * * * * * * * * * *
 * * * * 1 * 1 * 2 * * * 
  * * * * * 1 * * * * *  
   * * * * * 1 3 * * *   
    * * * * 2 * 2 * *    
   * * * * 3 * * * * *   
  * * * * 1 * * * * * *  
 * * * * * 1 2 * * * * * 
* * * * * 1 * * * * * * *
         * * * *         
          * * *          
           * 2           
            2            
600000 600000 2 0 2

#player 2 sent 11 13 13 11 -1 -1
            *            
           * *           
          1 1 1          
         2 2 2 2         
* * * * * * * * * * * * *
 * * * * 1 * 1 * 2 * * * 
  * * * * * 1 * * * * *  
   * * * * * 1 3 * * *   
    * * * * 2 * 2 * *    
   * * * * 3 * * * * *   
  * * * * 1 * * * * * *  
 * * * * * 1 * * * * * * 
* * * * * 1 * * * * * * *
         * 2 * *         
          * * *          
           * 2           
            2            
600000 600000 2 0 1

#player 1 sent 12 10 6 16 -1 -1
            *            
           * *           
          1 1 1          
         2 2 2 2         
* * * * * * * * * * * * *
 * * * * 1 * 1 * 2 * * * 
  * * * * * 1 * 1 * * *  
   * * * * * 1 3 * * *   
    * * * * 2 * 2 * *    
   * * * * 3 * * * * *   
  * * * * 1 * * * * * *  
 * * * * * 1 * * * * * * 
* * * * * * * * * * * * *
         * 2 * *         
          * * *          
           * 2           
            2            
600000 600000 2 0 2

#player 2 sent 13 11 14 10 -1 -1
            *            
           * *           
          1 1 1          
         2 2 2 2         
* * * * * * * * * * * * *
 * * * * 1 * 1 * 2 * * * 
  * * * * * 1 * 1 * * *  
   * * * * * 1 3 * * *   
    * * * * 2 * 2 * *    
   * * * * 3 * * * * *   
  * * * * 1 * * * * * *  
 * * * * * 1 * * * * * * 
* * * * * * * * * * * * *
         * * * *         
          2 * *          
           * 2           
            2            
600000 600000 2 0 1

#player 1 sent 11 11 7 11 -1 -1
            *            
           * *           
          1 1 1          
         2 2 2 2         
* * * * * * * * * * * * *
 * * * * 1 * 1 * 2 * * * 
  * * * * * 1 * 1 * * *  
   * * * * 1 1 3 * * *   
    * * * * 2 * 2 * *    
   * * * * 3 * * * * *   
  * * * * 1 * * * * * *  
 * * * * * * * * * * * * 
* * * * * * * * * * * * *
         * * * *         
          2 * *          
           * 2           
            2            
600000 600000 2 0 2

#player 2 sent 14 10 15 11 -1 -1
            *            
           * *           
          1 1 1          
         2 2 2 2         
* * * * * * * * * * * * *
 * * * * 1 * 1 * 2 * * * 
  * * * * * 1 * 1 * * *  
   * * * * 1 1 3 * * *   
    * * * * 2 * 2 * *    
   * * * * 3 * * * * *   
  * * * * 1 * * * * * *  
 * * * * * * * * * * * * 
* * * * * * * * * * * * *
         * * * *         
          * * *          
           2 2           
            2            
600000 600000 2 0 1

#player 1 sent 2 12 1 13 -1 -1
            *            
           * 1           
          1 * 1          
         2 2 2 2         
* * * * * * * * * * * * *
 * * * * 1 * 1 * 2 * * * 
  * * * * * 1 * 1 * * *  
   * * * * 1 1 3 * * *   
    * * * * 2 * 2 * *    
   * * * * 3 * * * * *   
  * * * * 1 * * * * * *  
 * * * * * * * * * * * * 
* * * * * * * * * * * * *
         * * * *         
          * * *          
           2 2           
            2            
600000 600000 2 0 2

#player 2 sent 8 16 9 15 -1 -1
            *            
           * 1           
          1 * 1          
         2 2 2 2         
* * * * * * * * * * * * *
 * * * * 1 * 1 * 2 * * * 
  * * * * * 1 * 1 * * *  
   * * * * 1 1 3 * * *   
    * * * * 2 * * * *    
   * * * * 3 * 2 * * *   
  * * * * 1 * * * * * *  
 * * * * * * * * * * * * 
* * * * * * * * * * * * *
         * * * *         
          * * *          
           2 2           
            2            
600000 600000 2 0 1

#player 1 sent 6 12 2 12 -1 -1
            *            
           * 1           
          1 1 1          
         2 2 2 2         
* * * * * * * * * * * * *
 * * * * 1 * 1 * 2 * * * 
  * * * * * * * 1 * * *  
   * * * * 1 1 3 * * *   
    * * * * 2 * * * *    
   * * * * 3 * 2 * * *   
  * * * * 1 * * * * * *  
 * * * * * * * * * * * * 
* * * * * * * * * * * * *
         * * * *         
          * * *          
           2 2           
            2            
600000 600000 2 0 2

#player 2 sent 8 12 10 14 -1 -1
            *            
           * 1           
          1 1 1          
         2 2 2 2         
* * * * * * * * * * * * *
 * * * * 1 * 1 * 2 * * * 
  * * * * * * * 1 * * *  
   * * * * 1 1 3 * * *   
    * * * * * * * * *    
   * * * * 3 * 2 * * *   
  * * * * 1 * 2 * * * *  
 * * * * * * * * * * * * 
* * * * * * * * * * * * *
         * * * *         
          * * *          
           2 2           
            2            
600000 600000 2 0 1

#player 1 sent 10 10 4 16 -1 -1
            *            
           * 1           
          1 1 1          
         2 2 2 2         
* * * * * * * * 1 * * * *
 * * * * 1 * 1 * 2 * * * 
  * * * * * * * 1 * * *  
   * * * * 1 1 3 * * *   
    * * * * * * * * *    
   * * * * 3 * 2 * * *   
  * * * * * * 2 * * * *  
 * * * * * * * * * * * * 
* * * * * * * * * * * * *
         * * * *         
          * * *          
           2 2           
            2            
600000 600000 2 0 2

#player 2 sent 9 15 11 13 -1 -1
            *            
           * 1           
          1 1 1          
         2 2 2 2         
* * * * * * * * 1 * * * *
 * * * * 1 * 1 * 2 * * * 
  * * * * * * * 1 * * *  
   * * * * 1 1 3 * * *   
    * * * * * * * * *    
   * * * * 3 * * * * *   
  * * * * * * 2 * * * *  
 * * * * * * 2 * * * * * 
* * * * * * * * * * * * *
         * * * *         
          * * *          
           2 2           
            2            
600000 600000 2 0 1

#player 1 sent 7 11 6 12 -1 -1
            *            
           * 1           
          1 1 1          
         2 2 2 2         
* * * * * * * * 1 * * * *
 * * * * 1 * 1 * 2 * * * 
  * * * * * 1 * 1 * * *  
   * * * * * 1 3 * * *   
    * * * * * * * * *    
   * * * * 3 * * * * *   
  * * * * * * 2 * * * *  
 * * * * * * 2 * * * * * 
* * * * * * * * * * * * *
         * * * *         
          * * *          
           2 2           
            2            
600000 600000 2 0 2

#player 2 sent 10 14 12 12 -1 -1
            *            
           * 1           
          1 1 1          
         2 2 2 2         
* * * * * * * * 1 * * * *
 * * * * 1 * 1 * 2 * * * 
  * * * * * 1 * 1 * * *  
   * * * * * 1 3 * * *   
    * * * * * * * * *    
   * * * * 3 * * * * *   
  * * * * * * * * * * *  
 * * * * * * 2 * * * * * 
* * * * * * 2 * * * * * *
         * * * *         
          * * *          
           2 2           
            2            
600000 600000 2 0 1

#player 1 sent 7 13 5 15 -1 -1
            *            
           * 1           
          1 1 1          
         2 2 2 2         
* * * * * * * * 1 * * * *
 * * * * 1 * 1 1 2 * * * 
  * * * * * 1 * 1 * * *  
   * * * * * * 3 * * *   
    * * * * * * * * *    
   * * * * 3 * * * * *   
  * * * * * * * * * * *  
 * * * * * * 2 * * * * * 
* * * * * * 2 * * * * * *
         * * * *         
          * * *          
           2 2           
            2            
600000 600000 2 0 2

#player 2 sent 11 13 13 11 -1 -1
            *            
           * 1           
          1 1 1          
         2 2 2 2         
* * * * * * * * 1 * * * *
 * * * * 1 * 1 1 2 * * * 
  * * * * * 1 * 1 * * *  
   * * * * * * 3 * * *   
    * * * * * * * * *    
   * * * * 3 * * * * *   
  * * * * * * * * * * *  
 * * * * * * * * * * * * 
* * * * * * 2 * * * * * *
         * 2 * *         
          * * *          
           2 2           
            2            
600000 600000 2 0 1

#player 1 sent 6 12 4 18 -1 -1
            *            
           * 1           
          1 1 1          
         2 2 2 2         
* * * * * * * * 1 1 * * *
 * * * * 1 * 1 1 2 * * * 
  * * * * * * * 1 * * *  
   * * * * * * 3 * * *   
    * * * * * * * * *    
   * * * * 3 * * * * *   
  * * * * * * * * * * *  
 * * * * * * * * * * * * 
* * * * * * 2 * * * * * *
         * 2 * *         
          * * *          
           2 2           
            2            
600000 600000 2 0 2

#player 2 sent 12 12 14 10 -1 -1
            *            
           * 1           
          1 1 1          
         2 2 2 2         
* * * * * * * * 1 1 * * *
 * * * * 1 * 1 1 2 * * * 
  * * * * * * * 1 * * *  
   * * * * * * 3 * * *   
    * * * * * * * * *    
   * * * * 3 * * * * *   
  * * * * * * * * * * *  
 * * * * * * * * * * * * 
* * * * * * * * * * * * *
         * 2 * *         
          2 * *          
           2 2           
            2            
600000 600000 2 0 1

#player 1 sent 5 9 4 10 -1 -1
            *            
           * 1           
          1 1 1          
         2 2 2 2         
* * * * * 1 * * 1 1 * * *
 * * * * * * 1 1 2 * * * 
  * * * * * * * 1 * * *  
   * * * * * * 3 * * *   
    * * * * * * * * *    
   * * * * 3 * * * * *   
  * * * * * * * * * * *  
 * * * * * * * * * * * * 
* * * * * * * * * * * * *
         * 2 * *         
          2 * *          
           2 2           
            2            
600000 600000 2 0 2

#player 2 sent 3 11 5 9 -1 -1
            *            
           * 1           
          1 1 1          
         2 * 2 2         
* * * * * 1 * * 1 1 * * *
 * * * * 2 * 1 1 2 * * * 
  * * * * * * * 1 * * *  
   * * * * * * 3 * * *   
    * * * * * * * * *    
   * * * * 3 * * * * *   
  * * * * * * * * * * *  
 * * * * * * * * * * * * 
* * * * * * * * * * * * *
         * 2 * *         
          2 * *          
           2 2           
            2            
600000 600000 2 0 1

#player 1 sent 4 10 3 11 -1 -1
            *            
           * 1           
          1 1 1          
         2 1 2 2         
* * * * * * * * 1 1 * * *
 * * * * 2 * 1 1 2 * * * 
  * * * * * * * 1 * * *  
   * * * * * * 3 * * *   
    * * * * * * * * *    
   * * * * 3 * * * * *   
  * * * * * * * * * * *  
 * * * * * * * * * * * * 
* * * * * * * * * * * * *
         * 2 * *         
          2 * *          
           2 2           
            2            
600000 600000 2 0 2

#player 2 sent 13 11 14 12 -1 -1
            *            
           * 1           
          1 1 1          
         2 1 2 2         
* * * * * * * * 1 1 * * *
 * * * * 2 * 1 1 2 * * * 
  * * * * * * * 1 * * *  
   * * * * * * 3 * * *   
    * * * * * * * * *    
   * * * * 3 * * * * *   
  * * * * * * * * * * *  
 * * * * * * * * * * * * 
* * * * * * * * * * * * *
         * * * *         
          2 2 *          
           2 2           
            2            
600000 600000 2 0 1

#player 1 sent 2 10 1 11 -1 -1
            *            
           1 1           
          * 1 1          
         2 1 2 2         
* * * * * * * * 1 1 * * *
 * * * * 2 * 1 1 2 * * * 
  * * * * * * * 1 * * *  
   * * * * * * 3 * * *   
    * * * * * * * * *    
   * * * * 3 * * * * *   
  * * * * * * * * * * *  
 * * * * * * * * * * * * 
* * * * * * * * * * * * *
         * * * *         
          2 2 *          
           2 2           
            2            
600000 600000 2 0 2

#player 2 sent 5 9 6 10 -1 -1
            *            
           1 1           
          * 1 1          
         2 1 2 2         
* * * * * * * * 1 1 * * *
 * * * * * * 1 1 2 * * * 
  * * * * 2 * * 1 * * *  
   * * * * * * 3 * * *   
    * * * * * * * * *    
   * * * * 3 * * * * *   
  * * * * * * * * * * *  
 * * * * * * * * * * * * 
* * * * * * * * * * * * *
         * * * *         
          2 2 *          
           2 2           
            2            
600000 600000 2 0 1

#player 1 sent 4 16 0 12 -1 -1
            1            
           1 1           
          * 1 1          
         2 1 2 2         
* * * * * * * * * 1 * * *
 * * * * * * 1 1 2 * * * 
  * * * * 2 * * 1 * * *  
   * * * * * * 3 * * *   
    * * * * * * * * *    
   * * * * 3 * * * * *   
  * * * * * * * * * * *  
 * * * * * * * * * * * * 
* * * * * * * * * * * * *
         * * * *         
          2 2 *          
           2 2           
            2            
600000 600000 2 0 2

#player 2 sent 6 10 7 9 -1 -1
            1            
           1 1           
          * 1 1          
         2 1 2 2         
* * * * * * * * * 1 * * *
 * * * * * * 1 1 2 * * * 
  * * * * * * * 1 * * *  
   * * * 2 * * 3 * * *   
    * * * * * * * * *    
   * * * * 3 * * * * *   
  * * * * * * * * * * *  
 * * * * * * * * * * * * 
* * * * * * * * * * * * *
         * * * *         
          2 2 *          
           2 2           
            2            
600000 600000 2 0 1

#player 1 sent 6 16 4 14 -1 -1
            1            
           1 1           
          * 1 1          
         2 1 2 2         
* * * * * * * 1 * 1 * * *
 * * * * * * 1 1 2 * * * 
  * * * * * * * * * * *  
   * * * 2 * * 3 * * *   
    * * * * * * * * *    
   * * * * 3 * * * * *   
  * * * * * * * * * * *  
 * * * * * * * * * * * * 
* * * * * * * * * * * * *
         * * * *         
          2 2 *          
           2 2           
            2            
600000 600000 2 0 2

#player 2 sent 7 9 8 10 -1 -1
            1            
           1 1           
          * 1 1          
         2 1 2 2         
* * * * * * * 1 * 1 * * *
 * * * * * * 1 1 2 * * * 
  * * * * * * * * * * *  
   * * * * * * 3 * * *   
    * * * 2 * * * * *    
   * * * * 3 * * * * *   
  * * * * * * * * * * *  
 * * * * * * * * * * * * 
* * * * * * * * * * * * *
         * * * *         
          2 2 *          
           2 2           
            2            
600000 600000 2 0 1

#player 1 sent 5 13 4 12 -1 -1
            1            
           1 1           
          * 1 1          
         2 1 2 2         
* * * * * * 1 1 * 1 * * *
 * * * * * * * 1 2 * * * 
  * * * * * * * * * * *  
   * * * * * * 3 * * *   
    * * * 2 * * * * *    
   * * * * 3 * * * * *   
  * * * * * * * * * * *  
 * * * * * * * * * * * * 
* * * * * * * * * * * * *
         * * * *         
          2 2 *          
           2 2           
            2            
600000 600000 2 0 2

#player 2 sent 8 10 10 12 -1 -1
            1            
           1 1           
          * 1 1          
         2 1 2 2         
* * * * * * 1 1 * 1 * * *
 * * * * * * * 1 2 * * * 
  * * * * * * * * * * *  
   * * * * * * 3 * * *   
    * * * * * * * * *    
   * * * * 3 * * * * *   
  * * * * * 2 * * * * *  
 * * * * * * * * * * * * 
* * * * * * * * * * * * *
         * * * *         
          2 2 *          
           2 2           
            2            
600000 600000 2 0 1

#player 1 sent 4 12 2 10 -1 -1
            1            
           1 1           
          1 1 1          
         2 1 2 2         
* * * * * * * 1 * 1 * * *
 * * * * * * * 1 2 * * * 
  * * * * * * * * * * *  
   * * * * * * 3 * * *   
    * * * * * * * * *    
   * * * * 3 * * * * *   
  * * * * * 2 * * * * *  
 * * * * * * * * * * * * 
* * * * * * * * * * * * *
         * * * *         
          2 2 *          
           2 2           
            2            
600000 600000 2 0 2

#winner=1
#Time left for player1 is 488816 player 2 599966
