AB_TRY_NEW_WEIGHTS: false
Using old weights.
Loading examples took: 0.498394508 seconds.
Used 114 out of 436 files.
Old size: 5668
New size: 274
Total of 274 examples.

Successes: 204.0	Failures: 66.0
Success rate: 0.7555555555555555
Init state
            2            
           2 2           
          2 2 2          
         2 2 2 2         
0 0 0 0 0 0 0 0 0 0 0 0 0
 0 0 0 0 0 0 0 0 0 0 0 0 
  3 3 0 0 3 3 0 0 0 0 0  
   3 3 0 0 3 3 0 0 0 0   
    0 0 0 0 0 0 0 0 0    
   0 0 0 0 3 3 0 0 3 3   
  0 0 0 0 3 3 0 0 3 3 3  
 0 0 0 0 0 0 0 0 0 0 0 0 
0 0 0 0 0 0 0 0 0 0 0 0 0
         1 1 1 1         
          1 1 1          
           1 1           
            1            
600000 600000 2 2 1

turn = 1   myturn = 1
It is my turn and I am thinking
Progress is: Opening
Empty move list happened. Calculating new sequence.
Using Astrizzles...
Returning 5 moves.
States visited: 6
Number of states visited: 6
Is state consistent? true
My move: 14 14 12 12 -1 -1
            2            
           2 2           
          2 2 2          
         2 2 2 2         
* * * * * * * * * * * * *
 * * * * * * * * * * * * 
  3 3 * * 3 3 * * * * *  
   3 3 * * 3 3 * * * *   
    * * * * * * * * *    
   * * * * 3 3 * * 3 3   
  * * * * 3 3 * * 3 3 3  
 * * * * * * * * * * * * 
* * * * * * 1 * * * * * *
         1 1 1 1         
          1 1 *          
           1 1           
            1            
600000 600000 2 2 2

turn = 2   myturn = 1
OK lemme think...
            2            
           2 2           
          * 2 2          
         2 2 2 2         
* * * * * * 2 * * * * * *
 * * * * * * * * * * * * 
  3 3 * * 3 3 * * * * *  
   3 3 * * 3 3 3 * * *   
    * * * * * * * * *    
   * * * * 3 3 * * 3 3   
  * * * * 3 3 * * 3 3 3  
 * * * * * * * * * * * * 
* * * * * * 1 * * * * * *
         1 1 1 1         
          1 1 *          
           1 1           
            1            
600000 600000 2 1 1

turn = 1   myturn = 1
It is my turn and I am thinking
Progress is: Opening
Is state consistent? true
My move: 16 12 12 16 -1 -1
            2            
           2 2           
          * 2 2          
         2 2 2 2         
* * * * * * 2 * * * * * *
 * * * * * * * * * * * * 
  3 3 * * 3 3 * * * * *  
   3 3 * * 3 3 3 * * *   
    * * * * * * * * *    
   * * * * 3 3 * * 3 3   
  * * * * 3 3 * * 3 3 3  
 * * * * * * * * * * * * 
* * * * * * 1 * 1 * * * *
         1 1 1 1         
          1 1 *          
           1 1           
            *            
600000 600000 2 1 2

turn = 2   myturn = 1
OK lemme think...
            2            
           2 2           
          * 2 2          
         2 2 * 2         
* * * * * * 2 * * * * * *
 * * * * * * * * * * * * 
  3 3 * * 3 3 * * * * *  
   3 3 * 2 3 3 3 * * *   
    * * * * * 3 * * *    
   * * * * 3 3 * * 3 3   
  * * * * 3 3 * * 3 3 3  
 * * * * * * * * * * * * 
* * * * * * 1 * 1 * * * *
         1 1 1 1         
          1 1 *          
           1 1           
            *            
600000 600000 2 0 1

turn = 1   myturn = 1
It is my turn and I am thinking
Progress is: Opening
Is state consistent? true
My move: 13 13 9 9 -1 -1
            2            
           2 2           
          * 2 2          
         2 2 * 2         
* * * * * * 2 * * * * * *
 * * * * * * * * * * * * 
  3 3 * * 3 3 * * * * *  
   3 3 * 2 3 3 3 * * *   
    * * * * * 3 * * *    
   * * * 1 3 3 * * 3 3   
  * * * * 3 3 * * 3 3 3  
 * * * * * * * * * * * * 
* * * * * * 1 * 1 * * * *
         1 1 * 1         
          1 1 *          
           1 1           
            *            
600000 600000 2 0 2

turn = 2   myturn = 1
OK lemme think...
            2            
           * 2           
          * 2 2          
         2 2 * 2         
* * * * * * 2 * * * * * *
 * * * * * 2 * * * * * * 
  3 3 * * 3 3 * * * * *  
   3 3 * 2 3 3 3 * * *   
    * * * * * 3 * * *    
   * * * 1 3 3 * * 3 3   
  * * * * 3 3 * * 3 3 3  
 * * * * * * * * * * * * 
* * * * * * 1 * 1 * * * *
         1 1 * 1         
          1 1 *          
           1 1           
            *            
600000 600000 2 0 1

turn = 1   myturn = 1
It is my turn and I am thinking
Progress is: Interacting
Using AlphaBastard...
ABStates visited: 808407
Hash hits: 0
Total states visited: 808407
Average states visited: 808407.0
Time taken sorting: 4.474599426
Hashed states: 666046142402
Is state consistent? true
My move: 12 16 11 15 -1 -1
            2            
           * 2           
          * 2 2          
         2 2 * 2         
* * * * * * 2 * * * * * *
 * * * * * 2 * * * * * * 
  3 3 * * 3 3 * * * * *  
   3 3 * 2 3 3 3 * * *   
    * * * * * 3 * * *    
   * * * 1 3 3 * * 3 3   
  * * * * 3 3 * * 3 3 3  
 * * * * * * * 1 * * * * 
* * * * * * 1 * * * * * *
         1 1 * 1         
          1 1 *          
           1 1           
            *            
600000 600000 2 0 2

turn = 2   myturn = 1
OK lemme think...
            2            
           * 2           
          * 2 2          
         2 * * 2         
* * * * * * 2 * * * * * *
 * * * * 2 2 * * * * * * 
  3 3 * * 3 3 * * * * *  
   3 3 * 2 3 3 3 * * *   
    * * * * * 3 * * *    
   * * * 1 3 3 * * 3 3   
  * * * * 3 3 * * 3 3 3  
 * * * * * * * 1 * * * * 
* * * * * * 1 * * * * * *
         1 1 * 1         
          1 1 *          
           1 1           
            *            
600000 600000 2 0 1

turn = 1   myturn = 1
It is my turn and I am thinking
Progress is: Interacting
Using AlphaBastard...
ABStates visited: 551339
Hash hits: 0
Total states visited: 1359746
Average states visited: 679873.0
Time taken sorting: 8.168975069
Hashed states: 421171130215
Is state consistent? true
My move: 14 10 6 14 -1 -1
            2            
           * 2           
          * 2 2          
         2 * * 2         
* * * * * * 2 * * * * * *
 * * * * 2 2 * * * * * * 
  3 3 * * 3 3 1 * * * *  
   3 3 * 2 3 3 3 * * *   
    * * * * * 3 * * *    
   * * * 1 3 3 * * 3 3   
  * * * * 3 3 * * 3 3 3  
 * * * * * * * 1 * * * * 
* * * * * * 1 * * * * * *
         1 1 * 1         
          * 1 *          
           1 1           
            *            
600000 600000 2 0 2

turn = 2   myturn = 1
OK lemme think...
            2            
           * *           
          * 2 2          
         2 * * 2         
* * * * * * 2 * * * * * *
 * * * * 2 2 2 * * * * * 
  3 3 * * 3 3 1 * * * *  
   3 3 * 2 3 3 3 * * *   
    * * * * * 3 * * *    
   * * * 1 3 3 * * 3 3   
  * * * * 3 3 * * 3 3 3  
 * * * * * * * 1 * * * * 
* * * * * * 1 * * * * * *
         1 1 * 1         
          * 1 *          
           1 1           
            *            
600000 600000 2 0 1

turn = 1   myturn = 1
It is my turn and I am thinking
Progress is: Interacting
Using AlphaBastard...
ABStates visited: 994960
Hash hits: 0
Total states visited: 2354706
Average states visited: 784902.0
Time taken sorting: 14.971237486000001
Hashed states: 758739236282
Is state consistent? true
My move: 9 9 8 10 -1 -1
            2            
           * *           
          * 2 2          
         2 * * 2         
* * * * * * 2 * * * * * *
 * * * * 2 2 2 * * * * * 
  3 3 * * 3 3 1 * * * *  
   3 3 * 2 3 3 3 * * *   
    * * * 1 * 3 * * *    
   * * * * 3 3 * * 3 3   
  * * * * 3 3 * * 3 3 3  
 * * * * * * * 1 * * * * 
* * * * * * 1 * * * * * *
         1 1 * 1         
          * 1 *          
           1 1           
            *            
600000 600000 2 0 2

turn = 2   myturn = 1
OK lemme think...
            2            
           * *           
          * 2 *          
         2 * * 2         
* * * * 2 * 2 * * * * * *
 * * * * 2 2 2 * * * * * 
  3 3 * * 3 3 1 * * * *  
   3 3 * 2 3 3 3 * * *   
    * * * 1 * 3 * * *    
   * * * * 3 3 * * 3 3   
  * * * * 3 3 * * 3 3 3  
 * * * * * * * 1 * * * * 
* * * * * * 1 * * * * * *
         1 1 * 1         
          * 1 *          
           1 1           
            *            
600000 600000 2 0 1

turn = 1   myturn = 1
It is my turn and I am thinking
Progress is: Interacting
Using AlphaBastard...
ABStates visited: 1164936
Hash hits: 0
Total states visited: 3519642
Average states visited: 879910.5
Time taken sorting: 22.012197559
Hashed states: 911966253036
Is state consistent? true
My move: 15 13 16 12 -1 -1
            2            
           * *           
          * 2 *          
         2 * * 2         
* * * * 2 * 2 * * * * * *
 * * * * 2 2 2 * * * * * 
  3 3 * * 3 3 1 * * * *  
   3 3 * 2 3 3 3 * * *   
    * * * 1 * 3 * * *    
   * * * * 3 3 * * 3 3   
  * * * * 3 3 * * 3 3 3  
 * * * * * * * 1 * * * * 
* * * * * * 1 * * * * * *
         1 1 * 1         
          * 1 *          
           1 *           
            1            
600000 600000 2 0 2

turn = 2   myturn = 1
OK lemme think...
            2            
           * *           
          * 2 *          
         * * * 2         
* * * * 2 * 2 * * * * * *
 * * * 2 2 2 2 * * * * * 
  3 3 * * 3 3 1 * * * *  
   3 3 * 2 3 3 3 * * *   
    * * * 1 * 3 * * *    
   * * * * 3 3 * * 3 3   
  * * * * 3 3 * * 3 3 3  
 * * * * * * * 1 * * * * 
* * * * * * 1 * * * * * *
         1 1 * 1         
          * 1 *          
           1 *           
            1            
600000 600000 2 0 1

turn = 1   myturn = 1
It is my turn and I am thinking
Progress is: Interacting
Using AlphaBastard...
ABStates visited: 1521692
Hash hits: 0
Total states visited: 5041334
Average states visited: 1008266.8
Time taken sorting: 31.264441038
Hashed states: 1199195322570
Is state consistent? true
My move: 16 12 8 8 -1 -1
            2            
           * *           
          * 2 *          
         * * * 2         
* * * * 2 * 2 * * * * * *
 * * * 2 2 2 2 * * * * * 
  3 3 * * 3 3 1 * * * *  
   3 3 * 2 3 3 3 * * *   
    * * 1 1 * 3 * * *    
   * * * * 3 3 * * 3 3   
  * * * * 3 3 * * 3 3 3  
 * * * * * * * 1 * * * * 
* * * * * * 1 * * * * * *
         1 1 * 1         
          * 1 *          
           1 *           
            *            
600000 600000 2 0 2

turn = 2   myturn = 1
OK lemme think...
            2            
           * *           
          * 2 *          
         * * * 2         
* * * * * * 2 * * * * * *
 * * * 2 2 2 2 * * * * * 
  3 3 * * 3 3 1 * * * *  
   3 3 * 2 3 3 3 * * *   
    2 * 1 1 * 3 * * *    
   * * * * 3 3 * * 3 3   
  * * * * 3 3 * * 3 3 3  
 * * * * * * * 1 * * * * 
* * * * * * 1 * * * * * *
         1 1 * 1         
          * 1 *          
           1 *           
            *            
600000 600000 2 0 1

turn = 1   myturn = 1
It is my turn and I am thinking
Progress is: Interacting
Using AlphaBastard...
ABStates visited: 1649526
Hash hits: 0
Total states visited: 6690860
Average states visited: 1115143.4
Time taken sorting: 44.37341017
Hashed states: 1246157403448
Is state consistent? true
My move: 13 9 7 7 -1 -1
            2            
           * *           
          * 2 *          
         * * * 2         
* * * * * * 2 * * * * * *
 * * * 2 2 2 2 * * * * * 
  3 3 * * 3 3 1 * * * *  
   3 3 1 2 3 3 3 * * *   
    2 * 1 1 * 3 * * *    
   * * * * 3 3 * * 3 3   
  * * * * 3 3 * * 3 3 3  
 * * * * * * * 1 * * * * 
* * * * * * 1 * * * * * *
         * 1 * 1         
          * 1 *          
           1 *           
            *            
600000 600000 2 0 2

turn = 2   myturn = 1
OK lemme think...
            2            
           * *           
          * 2 *          
         * * * 2         
* * * * * * 2 * * * * * *
 * * * 2 2 2 2 * * * * * 
  3 3 * * 3 3 1 * * * *  
   3 3 1 * 3 3 3 * * *   
    2 * 1 1 * 3 * * *    
   * * 2 * 3 3 * * 3 3   
  * * * * 3 3 * * 3 3 3  
 * * * * * * * 1 * * * * 
* * * * * * 1 * * * * * *
         * 1 * 1         
          * 1 *          
           1 *           
            *            
600000 600000 2 0 1

turn = 1   myturn = 1
It is my turn and I am thinking
Progress is: Interacting
Using AlphaBastard...
ABStates visited: 1717294
Hash hits: 0
Total states visited: 8408154
Average states visited: 1201164.9
Time taken sorting: 60.59233424400001
Hashed states: 1246150471228
Is state consistent? true
My move: 8 10 4 14 -1 -1
            2            
           * *           
          * 2 *          
         * * * 2         
* * * * * * 2 1 * * * * *
 * * * 2 2 2 2 * * * * * 
  3 3 * * 3 3 1 * * * *  
   3 3 1 * 3 3 3 * * *   
    2 * 1 * * 3 * * *    
   * * 2 * 3 3 * * 3 3   
  * * * * 3 3 * * 3 3 3  
 * * * * * * * 1 * * * * 
* * * * * * 1 * * * * * *
         * 1 * 1         
          * 1 *          
           1 *           
            *            
600000 600000 2 0 2

turn = 2   myturn = 1
OK lemme think...
            2            
           * *           
          * 2 *          
         * * * 2         
* * * * * * 2 1 * * * * *
 * * * 2 2 * 2 * * * * * 
  3 3 * * 3 3 1 * * * *  
   3 3 1 2 3 3 3 * * *   
    2 * 1 * * 3 * * *    
   * * 2 * 3 3 * * 3 3   
  * * * * 3 3 * * 3 3 3  
 * * * * * * * 1 * * * * 
* * * * * * 1 * * * * * *
         * 1 * 1         
          * 1 *          
           1 *           
            *            
600000 600000 2 0 1

turn = 1   myturn = 1
It is my turn and I am thinking
Progress is: Interacting
Using AlphaBastard...
ABStates visited: 2224918
Hash hits: 0
Total states visited: 10633072
Average states visited: 1329134.0
Time taken sorting: 75.356978305
Hashed states: 1802852422142
Is state consistent? true
My move: 15 11 9 9 -1 -1
            2            
           * *           
          * 2 *          
         * * * 2         
* * * * * * 2 1 * * * * *
 * * * 2 2 * 2 * * * * * 
  3 3 * * 3 3 1 * * * *  
   3 3 1 2 3 3 3 * * *   
    2 * 1 * * 3 * * *    
   * * 2 1 3 3 * * 3 3   
  * * * * 3 3 * * 3 3 3  
 * * * * * * * 1 * * * * 
* * * * * * 1 * * * * * *
         * 1 * 1         
          * 1 *          
           * *           
            *            
600000 600000 2 0 2

turn = 2   myturn = 1
OK lemme think...
            2            
           * *           
          * 2 *          
         * * * 2         
* * * * * * 2 1 * * * * *
 * * * 2 2 * 2 * * * * * 
  3 3 * * 3 3 1 * * * *  
   3 3 1 2 3 3 3 * * *   
    2 * 1 * * 3 * * *    
   * * * 1 3 3 * * 3 3   
  * * 2 * 3 3 * * 3 3 3  
 * * * * * * * 1 * * * * 
* * * * * * 1 * * * * * *
         * 1 * 1         
          * 1 *          
           * *           
            *            
600000 600000 2 0 1

turn = 1   myturn = 1
It is my turn and I am thinking
Progress is: Interacting
Using AlphaBastard...
ABStates visited: 2214623
Hash hits: 0
Total states visited: 12847695
Average states visited: 1427521.6
Time taken sorting: 88.542150526
Hashed states: 1839327375365
Is state consistent? true
My move: 8 8 4 8 -1 -1
            2            
           * *           
          * 2 *          
         * * * 2         
* * * * 1 * 2 1 * * * * *
 * * * 2 2 * 2 * * * * * 
  3 3 * * 3 3 1 * * * *  
   3 3 1 2 3 3 3 * * *   
    2 * * * * 3 * * *    
   * * * 1 3 3 * * 3 3   
  * * 2 * 3 3 * * 3 3 3  
 * * * * * * * 1 * * * * 
* * * * * * 1 * * * * * *
         * 1 * 1         
          * 1 *          
           * *           
            *            
600000 600000 2 0 2

turn = 2   myturn = 1
OK lemme think...
            2            
           * *           
          * 2 *          
         * * * 2         
* * * * 1 * 2 1 * * * * *
 * * * 2 2 * 2 * * * * * 
  3 3 * * 3 3 1 * * * *  
   3 3 1 2 3 3 3 * * *   
    2 * * * * 3 * * *    
   * * * 1 3 3 * * 3 3   
  * * * * 3 3 * * 3 3 3  
 * * * 2 * * * 1 * * * * 
* * * * * * 1 * * * * * *
         * 1 * 1         
          * 1 *          
           * *           
            *            
600000 600000 2 0 1

turn = 1   myturn = 1
It is my turn and I am thinking
Progress is: Interacting
Using AlphaBastard...
ABStates visited: 1617279
Hash hits: 0
Total states visited: 14464974
Average states visited: 1446497.4
Time taken sorting: 101.304214434
Hashed states: 1254858362492
Is state consistent? true
My move: 14 12 10 16 -1 -1
            2            
           * *           
          * 2 *          
         * * * 2         
* * * * 1 * 2 1 * * * * *
 * * * 2 2 * 2 * * * * * 
  3 3 * * 3 3 1 * * * *  
   3 3 1 2 3 3 3 * * *   
    2 * * * * 3 * * *    
   * * * 1 3 3 * * 3 3   
  * * * * 3 3 * 1 3 3 3  
 * * * 2 * * * 1 * * * * 
* * * * * * 1 * * * * * *
         * 1 * 1         
          * * *          
           * *           
            *            
600000 600000 2 0 2

turn = 2   myturn = 1
OK lemme think...
            2            
           * *           
          * 2 *          
         * * * 2         
* * * * 1 * 2 1 * * * * *
 * * * 2 2 * 2 * * * * * 
  3 3 * * 3 3 1 * * * *  
   3 3 1 2 3 3 3 * * *   
    2 * * * * 3 * * *    
   * * * 1 3 3 * * 3 3   
  * * * * 3 3 * 1 3 3 3  
 * * * * * * * 1 * * * * 
* * * * 2 * 1 * * * * * *
         * 1 * 1         
          * * *          
           * *           
            *            
600000 600000 2 0 1

turn = 1   myturn = 1
It is my turn and I am thinking
Progress is: Interacting
Using AlphaBastard...
