            2            
           2 2           
          2 2 2          
         2 2 2 2         
0 0 0 0 0 0 0 0 0 0 0 0 0
 0 0 0 0 0 0 0 0 0 0 0 0 
  3 3 0 0 3 3 0 0 0 0 0  
   3 3 0 0 3 3 0 0 0 0   
    0 0 0 0 0 0 0 0 0    
   0 0 0 0 3 3 0 0 3 3   
  0 0 0 0 3 3 0 0 3 3 3  
 0 0 0 0 0 0 0 0 0 0 0 0 
0 0 0 0 0 0 0 0 0 0 0 0 0
         1 1 1 1         
          1 1 1          
           1 1           
            1            
600000 600000 2 2 1

#            2            
#           2 2           
#          2 2 2          
#         2 2 2 2         
#* * * * * * * * * * * * *
# * * * * * * * * * * * * 
#  3 3 * * 3 3 * * * * *  
#   3 3 * * 3 3 * * * *   
#    * * * * * * * * *    
#   * * * * 3 3 * * 3 3   
#  * * * * 3 3 * * 3 3 3  
# * * * * * * * * * * * * 
#* * * * * * 1 * * * * * *
#         1 1 1 1         
#          1 1 *          
#           1 1           
#            1            
#600000 600000 2 2 2

0 599170 600000 14 14 12 12 -1 -1
#            2            
#           2 2           
#          * 2 2          
#         2 2 2 2         
#* * * * * * 2 * * * * * *
# * * * * * * * * * * * * 
#  3 3 * * 3 3 * * * * *  
#   3 3 * * 3 3 3 * * *   
#    * * * * * * * * *    
#   * * * * 3 3 * * 3 3   
#  * * * * 3 3 * * 3 3 3  
# * * * * * * * * * * * * 
#* * * * * * 1 * * * * * *
#         1 1 1 1         
#          1 1 *          
#           1 1           
#            1            
#600000 600000 2 1 1

0 599170 599998 2 10 4 12 7 15
#            2            
#           2 2           
#          * 2 2          
#         2 2 2 2         
#* * * * * * 2 * * * * * *
# * * * * * * * * * * * * 
#  3 3 * * 3 3 * * * * *  
#   3 3 * * 3 3 3 * * *   
#    * * * * * * * * *    
#   * * * * 3 3 * * 3 3   
#  * * * * 3 3 * * 3 3 3  
# * * * * * * * * * * * * 
#* * * * * * 1 * 1 * * * *
#         1 1 1 1         
#          1 1 *          
#           1 1           
#            *            
#600000 600000 2 1 2

0 599168 599998 16 12 12 16 -1 -1
#            2            
#           2 2           
#          * 2 2          
#         2 2 * 2         
#* * * * * * 2 * * * * * *
# * * * * * * * * * * * * 
#  3 3 * * 3 3 * * * * *  
#   3 3 * 2 3 3 3 * * *   
#    * * * * * 3 * * *    
#   * * * * 3 3 * * 3 3   
#  * * * * 3 3 * * 3 3 3  
# * * * * * * * * * * * * 
#* * * * * * 1 * 1 * * * *
#         1 1 1 1         
#          1 1 *          
#           1 1           
#            *            
#600000 600000 2 0 1

0 599168 599996 3 13 7 9 8 14
#            2            
#           2 2           
#          * 2 2          
#         2 2 * 2         
#* * * * * * 2 * * * * * *
# * * * * * * * * * * * * 
#  3 3 * * 3 3 * * * * *  
#   3 3 * 2 3 3 3 * * *   
#    * * * * * 3 * * *    
#   * * * 1 3 3 * * 3 3   
#  * * * * 3 3 * * 3 3 3  
# * * * * * * * * * * * * 
#* * * * * * 1 * 1 * * * *
#         1 1 * 1         
#          1 1 *          
#           1 1           
#            *            
#600000 600000 2 0 2

0 599167 599996 13 13 9 9 -1 -1
#            2            
#           * 2           
#          * 2 2          
#         2 2 * 2         
#* * * * * * 2 * * * * * *
# * * * * * 2 * * * * * * 
#  3 3 * * 3 3 * * * * *  
#   3 3 * 2 3 3 3 * * *   
#    * * * * * 3 * * *    
#   * * * 1 3 3 * * 3 3   
#  * * * * 3 3 * * 3 3 3  
# * * * * * * * * * * * * 
#* * * * * * 1 * 1 * * * *
#         1 1 * 1         
#          1 1 *          
#           1 1           
#            *            
#600000 600000 2 0 1

0 599167 599995 1 11 5 11 -1 -1
#            2            
#           * 2           
#          * 2 2          
#         2 2 * 2         
#* * * * * * 2 * * * * * *
# * * * * * 2 * * * * * * 
#  3 3 * * 3 3 * * * * *  
#   3 3 * 2 3 3 3 * * *   
#    * * * * * 3 * * *    
#   * * * 1 3 3 * * 3 3   
#  * * * * 3 3 * * 3 3 3  
# * * * * * * * 1 * * * * 
#* * * * * * 1 * * * * * *
#         1 1 * 1         
#          1 1 *          
#           1 1           
#            *            
#600000 600000 2 0 2

0 585410 599995 12 16 11 15 -1 -1
#            2            
#           * 2           
#          * 2 2          
#         2 * * 2         
#* * * * * * 2 * * * * * *
# * * * * 2 2 * * * * * * 
#  3 3 * * 3 3 * * * * *  
#   3 3 * 2 3 3 3 * * *   
#    * * * * * 3 * * *    
#   * * * 1 3 3 * * 3 3   
#  * * * * 3 3 * * 3 3 3  
# * * * * * * * 1 * * * * 
#* * * * * * 1 * * * * * *
#         1 1 * 1         
#          1 1 *          
#           1 1           
#            *            
#600000 600000 2 0 1

0 585410 599994 3 11 5 9 -1 -1
#            2            
#           * 2           
#          * 2 2          
#         2 * * 2         
#* * * * * * 2 * * * * * *
# * * * * 2 2 * * * * * * 
#  3 3 * * 3 3 1 * * * *  
#   3 3 * 2 3 3 3 * * *   
#    * * * * * 3 * * *    
#   * * * 1 3 3 * * 3 3   
#  * * * * 3 3 * * 3 3 3  
# * * * * * * * 1 * * * * 
#* * * * * * 1 * * * * * *
#         1 1 * 1         
#          * 1 *          
#           1 1           
#            *            
#600000 600000 2 0 2

0 575472 599994 14 10 6 14 -1 -1
#            2            
#           * *           
#          * 2 2          
#         2 * * 2         
#* * * * * * 2 * * * * * *
# * * * * 2 2 2 * * * * * 
#  3 3 * * 3 3 1 * * * *  
#   3 3 * 2 3 3 3 * * *   
#    * * * * * 3 * * *    
#   * * * 1 3 3 * * 3 3   
#  * * * * 3 3 * * 3 3 3  
# * * * * * * * 1 * * * * 
#* * * * * * 1 * * * * * *
#         1 1 * 1         
#          * 1 *          
#           1 1           
#            *            
#600000 600000 2 0 1

0 575472 599992 1 13 5 13 -1 -1
#            2            
#           * *           
#          * 2 2          
#         2 * * 2         
#* * * * * * 2 * * * * * *
# * * * * 2 2 2 * * * * * 
#  3 3 * * 3 3 1 * * * *  
#   3 3 * 2 3 3 3 * * *   
#    * * * 1 * 3 * * *    
#   * * * * 3 3 * * 3 3   
#  * * * * 3 3 * * 3 3 3  
# * * * * * * * 1 * * * * 
#* * * * * * 1 * * * * * *
#         1 1 * 1         
#          * 1 *          
#           1 1           
#            *            
#600000 600000 2 0 2

0 551866 599992 9 9 8 10 -1 -1
#            2            
#           * *           
#          * 2 *          
#         2 * * 2         
#* * * * 2 * 2 * * * * * *
# * * * * 2 2 2 * * * * * 
#  3 3 * * 3 3 1 * * * *  
#   3 3 * 2 3 3 3 * * *   
#    * * * 1 * 3 * * *    
#   * * * * 3 3 * * 3 3   
#  * * * * 3 3 * * 3 3 3  
# * * * * * * * 1 * * * * 
#* * * * * * 1 * * * * * *
#         1 1 * 1         
#          * 1 *          
#           1 1           
#            *            
#600000 600000 2 0 1

0 551866 599991 2 14 4 8 -1 -1
#            2            
#           * *           
#          * 2 *          
#         2 * * 2         
#* * * * 2 * 2 * * * * * *
# * * * * 2 2 2 * * * * * 
#  3 3 * * 3 3 1 * * * *  
#   3 3 * 2 3 3 3 * * *   
#    * * * 1 * 3 * * *    
#   * * * * 3 3 * * 3 3   
#  * * * * 3 3 * * 3 3 3  
# * * * * * * * 1 * * * * 
#* * * * * * 1 * * * * * *
#         1 1 * 1         
#          * 1 *          
#           1 *           
#            1            
#600000 600000 2 0 2

0 519991 599991 15 13 16 12 -1 -1
#            2            
#           * *           
#          * 2 *          
#         * * * 2         
#* * * * 2 * 2 * * * * * *
# * * * 2 2 2 2 * * * * * 
#  3 3 * * 3 3 1 * * * *  
#   3 3 * 2 3 3 3 * * *   
#    * * * 1 * 3 * * *    
#   * * * * 3 3 * * 3 3   
#  * * * * 3 3 * * 3 3 3  
# * * * * * * * 1 * * * * 
#* * * * * * 1 * * * * * *
#         1 1 * 1         
#          * 1 *          
#           1 *           
#            1            
#600000 600000 2 0 1

0 519991 599990 3 9 5 7 -1 -1
#            2            
#           * *           
#          * 2 *          
#         * * * 2         
#* * * * 2 * 2 * * * * * *
# * * * 2 2 2 2 * * * * * 
#  3 3 * * 3 3 1 * * * *  
#   3 3 * 2 3 3 3 * * *   
#    * * 1 1 * 3 * * *    
#   * * * * 3 3 * * 3 3   
#  * * * * 3 3 * * 3 3 3  
# * * * * * * * 1 * * * * 
#* * * * * * 1 * * * * * *
#         1 1 * 1         
#          * 1 *          
#           1 *           
#            *            
#600000 600000 2 0 2

0 474666 599990 16 12 8 8 -1 -1
#            2            
#           * *           
#          * 2 *          
#         * * * 2         
#* * * * * * 2 * * * * * *
# * * * 2 2 2 2 * * * * * 
#  3 3 * * 3 3 1 * * * *  
#   3 3 * 2 3 3 3 * * *   
#    2 * 1 1 * 3 * * *    
#   * * * * 3 3 * * 3 3   
#  * * * * 3 3 * * 3 3 3  
# * * * * * * * 1 * * * * 
#* * * * * * 1 * * * * * *
#         1 1 * 1         
#          * 1 *          
#           1 *           
#            *            
#600000 600000 2 0 1

0 474666 599989 4 8 8 4 -1 -1
#            2            
#           * *           
#          * 2 *          
#         * * * 2         
#* * * * * * 2 * * * * * *
# * * * 2 2 2 2 * * * * * 
#  3 3 * * 3 3 1 * * * *  
#   3 3 1 2 3 3 3 * * *   
#    2 * 1 1 * 3 * * *    
#   * * * * 3 3 * * 3 3   
#  * * * * 3 3 * * 3 3 3  
# * * * * * * * 1 * * * * 
#* * * * * * 1 * * * * * *
#         * 1 * 1         
#          * 1 *          
#           1 *           
#            *            
#600000 600000 2 0 2

0 411746 599989 13 9 7 7 -1 -1
#            2            
#           * *           
#          * 2 *          
#         * * * 2         
#* * * * * * 2 * * * * * *
# * * * 2 2 2 2 * * * * * 
#  3 3 * * 3 3 1 * * * *  
#   3 3 1 * 3 3 3 * * *   
#    2 * 1 1 * 3 * * *    
#   * * 2 * 3 3 * * 3 3   
#  * * * * 3 3 * * 3 3 3  
# * * * * * * * 1 * * * * 
#* * * * * * 1 * * * * * *
#         * 1 * 1         
#          * 1 *          
#           1 *           
#            *            
#600000 600000 2 0 1

0 411746 599987 7 9 9 7 -1 -1
#            2            
#           * *           
#          * 2 *          
#         * * * 2         
#* * * * * * 2 1 * * * * *
# * * * 2 2 2 2 * * * * * 
#  3 3 * * 3 3 1 * * * *  
#   3 3 1 * 3 3 3 * * *   
#    2 * 1 * * 3 * * *    
#   * * 2 * 3 3 * * 3 3   
#  * * * * 3 3 * * 3 3 3  
# * * * * * * * 1 * * * * 
#* * * * * * 1 * * * * * *
#         * 1 * 1         
#          * 1 *          
#           1 *           
#            *            
#600000 600000 2 0 2

0 335298 599987 8 10 4 14 -1 -1
#            2            
#           * *           
#          * 2 *          
#         * * * 2         
#* * * * * * 2 1 * * * * *
# * * * 2 2 * 2 * * * * * 
#  3 3 * * 3 3 1 * * * *  
#   3 3 1 2 3 3 3 * * *   
#    2 * 1 * * 3 * * *    
#   * * 2 * 3 3 * * 3 3   
#  * * * * 3 3 * * 3 3 3  
# * * * * * * * 1 * * * * 
#* * * * * * 1 * * * * * *
#         * 1 * 1         
#          * 1 *          
#           1 *           
#            *            
#600000 600000 2 0 1

0 335298 599986 5 11 7 9 -1 -1
#            2            
#           * *           
#          * 2 *          
#         * * * 2         
#* * * * * * 2 1 * * * * *
# * * * 2 2 * 2 * * * * * 
#  3 3 * * 3 3 1 * * * *  
#   3 3 1 2 3 3 3 * * *   
#    2 * 1 * * 3 * * *    
#   * * 2 1 3 3 * * 3 3   
#  * * * * 3 3 * * 3 3 3  
# * * * * * * * 1 * * * * 
#* * * * * * 1 * * * * * *
#         * 1 * 1         
#          * 1 *          
#           * *           
#            *            
#600000 600000 2 0 2

0 264617 599986 15 11 9 9 -1 -1
#            2            
#           * *           
#          * 2 *          
#         * * * 2         
#* * * * * * 2 1 * * * * *
# * * * 2 2 * 2 * * * * * 
#  3 3 * * 3 3 1 * * * *  
#   3 3 1 2 3 3 3 * * *   
#    2 * 1 * * 3 * * *    
#   * * * 1 3 3 * * 3 3   
#  * * 2 * 3 3 * * 3 3 3  
# * * * * * * * 1 * * * * 
#* * * * * * 1 * * * * * *
#         * 1 * 1         
#          * 1 *          
#           * *           
#            *            
#600000 600000 2 0 1

0 264617 599983 9 7 10 6 -1 -1
#            2            
#           * *           
#          * 2 *          
#         * * * 2         
#* * * * 1 * 2 1 * * * * *
# * * * 2 2 * 2 * * * * * 
#  3 3 * * 3 3 1 * * * *  
#   3 3 1 2 3 3 3 * * *   
#    2 * * * * 3 * * *    
#   * * * 1 3 3 * * 3 3   
#  * * 2 * 3 3 * * 3 3 3  
# * * * * * * * 1 * * * * 
#* * * * * * 1 * * * * * *
#         * 1 * 1         
#          * 1 *          
#           * *           
#            *            
#600000 600000 2 0 2

0 194894 599983 8 8 4 8 -1 -1
#            2            
#           * *           
#          * 2 *          
#         * * * 2         
#* * * * 1 * 2 1 * * * * *
# * * * 2 2 * 2 * * * * * 
#  3 3 * * 3 3 1 * * * *  
#   3 3 1 2 3 3 3 * * *   
#    2 * * * * 3 * * *    
#   * * * 1 3 3 * * 3 3   
#  * * * * 3 3 * * 3 3 3  
# * * * 2 * * * 1 * * * * 
#* * * * * * 1 * * * * * *
#         * 1 * 1         
#          * 1 *          
#           * *           
#            *            
#600000 600000 2 0 1

0 194894 599980 10 6 11 7 -1 -1
#            2            
#           * *           
#          * 2 *          
#         * * * 2         
#* * * * 1 * 2 1 * * * * *
# * * * 2 2 * 2 * * * * * 
#  3 3 * * 3 3 1 * * * *  
#   3 3 1 2 3 3 3 * * *   
#    2 * * * * 3 * * *    
#   * * * 1 3 3 * * 3 3   
#  * * * * 3 3 * 1 3 3 3  
# * * * 2 * * * 1 * * * * 
#* * * * * * 1 * * * * * *
#         * 1 * 1         
#          * * *          
#           * *           
#            *            
#600000 600000 2 0 2

0 135882 599980 14 12 10 16 -1 -1
#            2            
#           * *           
#          * 2 *          
#         * * * 2         
#* * * * 1 * 2 1 * * * * *
# * * * 2 2 * 2 * * * * * 
#  3 3 * * 3 3 1 * * * *  
#   3 3 1 2 3 3 3 * * *   
#    2 * * * * 3 * * *    
#   * * * 1 3 3 * * 3 3   
#  * * * * 3 3 * 1 3 3 3  
# * * * * * * * 1 * * * * 
#* * * * 2 * 1 * * * * * *
#         * 1 * 1         
#          * * *          
#           * *           
#            *            
#600000 600000 2 0 1

0 135882 599978 11 7 12 8 -1 -1
